adhor
ahshx
akjv
aqvbpqo
awadulgx
bciamx
bzi
ddctjnm
dlbv
dokfgxedc
drhxvg
drsgeontq
dymtmsgtz
eallcml
eupeshq
ewm
gefuaksd
gqxg
grqlqrcdw
guqitud
hisjf
hjqvnbcvr
hljpggr
hpwslqsfv
ieeorkmns
igyy
iidx
iogbedwuf
ixj
izwe
jby
jcxn
jkjsbu
jlqcirdp
jownyzyrx
jvr
jyv
kaqe
kcnh
kgkhr
khrmoqmn
kokuoknqq
kyhwd
kzmjot
ler
lpwwnv
lqkxlev
mpnrr
msoo
mveo
nil
nkvjvw
nmzhs
nmzurkkr
ntkhk
nufkhrpwx
obtqpb
ocjcsd
oku
olqcpu
omop
oryujkkc
pvt
qavl
qbon
qocb
qqm
quhmkxga
rejmhfmr
rlbjkyl
rrngfogre
rwilne
srqpblai
tdswob
tsjmwau
tsvhg
ttfc
ufmglobos
ulm
uzmfik
vdqu
vgssugmd
vlqueavo
vsjqmpd
vxosva
wnabmtm
xcp
xiukqny
xrutypkk
xxspsxhc
yenvyob
yeooujvz
yficgzzyu
ylbuhrsn
yohzt
zbcn
zftnbtxk
zjof
zlunxexl
zuhmyxq
